<?xml version="1.0" encoding="UTF-8"?>
<testsuite xmlns:xsi="http://www.w3.org/2001/XMLSchema-instance" xsi:noNamespaceSchemaLocation="https://maven.apache.org/surefire/maven-surefire-plugin/xsd/surefire-test-report-3.0.xsd" version="3.0" name="org.example.NumberUtilsTest" time="0.024" tests="19" errors="0" skipped="0" failures="0">
  <properties>
    <property name="java.specification.version" value="23"/>
    <property name="sun.jnu.encoding" value="UTF-8"/>
    <property name="java.class.path" value="/Users/gabesindac/Documents/SE333_Software_Testing/Assignment1/target/test-classes:/Users/gabesindac/Documents/SE333_Software_Testing/Assignment1/target/classes:/Users/gabesindac/.m2/repository/org/junit/jupiter/junit-jupiter-engine/5.11.4/junit-jupiter-engine-5.11.4.jar:/Users/gabesindac/.m2/repository/org/junit/platform/junit-platform-engine/1.11.4/junit-platform-engine-1.11.4.jar:/Users/gabesindac/.m2/repository/org/opentest4j/opentest4j/1.3.0/opentest4j-1.3.0.jar:/Users/gabesindac/.m2/repository/org/junit/platform/junit-platform-commons/1.11.4/junit-platform-commons-1.11.4.jar:/Users/gabesindac/.m2/repository/org/junit/jupiter/junit-jupiter-api/5.11.4/junit-jupiter-api-5.11.4.jar:/Users/gabesindac/.m2/repository/org/apiguardian/apiguardian-api/1.1.2/apiguardian-api-1.1.2.jar:"/>
    <property name="java.vm.vendor" value="Oracle Corporation"/>
    <property name="sun.arch.data.model" value="64"/>
    <property name="java.vendor.url" value="https://java.oracle.com/"/>
    <property name="user.timezone" value="America/Chicago"/>
    <property name="os.name" value="Mac OS X"/>
    <property name="java.vm.specification.version" value="23"/>
    <property name="sun.java.launcher" value="SUN_STANDARD"/>
    <property name="user.country" value="US"/>
    <property name="sun.boot.library.path" value="/Users/gabesindac/Library/Java/JavaVirtualMachines/openjdk-23.0.1/Contents/Home/lib"/>
    <property name="sun.java.command" value="/Users/gabesindac/Documents/SE333_Software_Testing/Assignment1/target/surefire/surefirebooter-20250217190306258_3.jar /Users/gabesindac/Documents/SE333_Software_Testing/Assignment1/target/surefire 2025-02-17T19-03-06_218-jvmRun1 surefire-20250217190306258_1tmp surefire_0-20250217190306258_2tmp"/>
    <property name="http.nonProxyHosts" value="local|*.local|169.254/16|*.169.254/16"/>
    <property name="jdk.debug" value="release"/>
    <property name="surefire.test.class.path" value="/Users/gabesindac/Documents/SE333_Software_Testing/Assignment1/target/test-classes:/Users/gabesindac/Documents/SE333_Software_Testing/Assignment1/target/classes:/Users/gabesindac/.m2/repository/org/junit/jupiter/junit-jupiter-engine/5.11.4/junit-jupiter-engine-5.11.4.jar:/Users/gabesindac/.m2/repository/org/junit/platform/junit-platform-engine/1.11.4/junit-platform-engine-1.11.4.jar:/Users/gabesindac/.m2/repository/org/opentest4j/opentest4j/1.3.0/opentest4j-1.3.0.jar:/Users/gabesindac/.m2/repository/org/junit/platform/junit-platform-commons/1.11.4/junit-platform-commons-1.11.4.jar:/Users/gabesindac/.m2/repository/org/junit/jupiter/junit-jupiter-api/5.11.4/junit-jupiter-api-5.11.4.jar:/Users/gabesindac/.m2/repository/org/apiguardian/apiguardian-api/1.1.2/apiguardian-api-1.1.2.jar:"/>
    <property name="sun.cpu.endian" value="little"/>
    <property name="user.home" value="/Users/gabesindac"/>
    <property name="user.language" value="en"/>
    <property name="java.specification.vendor" value="Oracle Corporation"/>
    <property name="java.version.date" value="2024-10-15"/>
    <property name="java.home" value="/Users/gabesindac/Library/Java/JavaVirtualMachines/openjdk-23.0.1/Contents/Home"/>
    <property name="file.separator" value="/"/>
    <property name="basedir" value="/Users/gabesindac/Documents/SE333_Software_Testing/Assignment1"/>
    <property name="java.vm.compressedOopsMode" value="Zero based"/>
    <property name="line.separator" value="&#10;"/>
    <property name="java.vm.specification.vendor" value="Oracle Corporation"/>
    <property name="java.specification.name" value="Java Platform API Specification"/>
    <property name="apple.awt.application.name" value="ForkedBooter"/>
    <property name="surefire.real.class.path" value="/Users/gabesindac/Documents/SE333_Software_Testing/Assignment1/target/surefire/surefirebooter-20250217190306258_3.jar"/>
    <property name="sun.management.compiler" value="HotSpot 64-Bit Tiered Compilers"/>
    <property name="ftp.nonProxyHosts" value="local|*.local|169.254/16|*.169.254/16"/>
    <property name="java.runtime.version" value="23.0.1+11-39"/>
    <property name="user.name" value="gabesindac"/>
    <property name="stdout.encoding" value="UTF-8"/>
    <property name="path.separator" value=":"/>
    <property name="os.version" value="15.3"/>
    <property name="java.runtime.name" value="OpenJDK Runtime Environment"/>
    <property name="file.encoding" value="UTF-8"/>
    <property name="java.vm.name" value="OpenJDK 64-Bit Server VM"/>
    <property name="localRepository" value="/Users/gabesindac/.m2/repository"/>
    <property name="java.vendor.url.bug" value="https://bugreport.java.com/bugreport/"/>
    <property name="java.io.tmpdir" value="/var/folders/xj/005yt8_j26jfj8xmbcjbj3bm0000gn/T/"/>
    <property name="java.version" value="23.0.1"/>
    <property name="user.dir" value="/Users/gabesindac/Documents/SE333_Software_Testing/Assignment1"/>
    <property name="os.arch" value="aarch64"/>
    <property name="java.vm.specification.name" value="Java Virtual Machine Specification"/>
    <property name="native.encoding" value="UTF-8"/>
    <property name="java.library.path" value="/Users/gabesindac/Library/Java/Extensions:/Library/Java/Extensions:/Network/Library/Java/Extensions:/System/Library/Java/Extensions:/usr/lib/java:."/>
    <property name="java.vm.info" value="mixed mode, sharing"/>
    <property name="stderr.encoding" value="UTF-8"/>
    <property name="java.vendor" value="Oracle Corporation"/>
    <property name="java.vm.version" value="23.0.1+11-39"/>
    <property name="sun.io.unicode.encoding" value="UnicodeBig"/>
    <property name="socksNonProxyHosts" value="local|*.local|169.254/16|*.169.254/16"/>
    <property name="java.class.version" value="67.0"/>
  </properties>
  <testcase name="rightGreater" classname="org.example.NumberUtilsTest" time="0.007">
    <system-err><![CDATA[Feb 17, 2025 7:03:06 PM org.junit.jupiter.engine.descriptor.JupiterTestDescriptor lambda$getTags$1
WARNING: Configuration error: invalid tag syntax in @Tag("right: Above 9") declaration on [void org.example.NumberUtilsTest.rightGreater()]. Tag will be ignored.
Feb 17, 2025 7:03:06 PM org.junit.jupiter.engine.descriptor.JupiterTestDescriptor lambda$getTags$1
WARNING: Configuration error: invalid tag syntax in @Tag("right: Null") declaration on [void org.example.NumberUtilsTest.rightNull()]. Tag will be ignored.
Feb 17, 2025 7:03:06 PM org.junit.jupiter.engine.descriptor.JupiterTestDescriptor lambda$getTags$1
WARNING: Configuration error: invalid tag syntax in @Tag("right: Empty") declaration on [void org.example.NumberUtilsTest.rightEmpty()]. Tag will be ignored.
Feb 17, 2025 7:03:06 PM org.junit.jupiter.engine.descriptor.JupiterTestDescriptor lambda$getTags$1
WARNING: Configuration error: invalid tag syntax in @Tag("left: Negative Integer") declaration on [void org.example.NumberUtilsTest.leftNegative()]. Tag will be ignored.
Feb 17, 2025 7:03:06 PM org.junit.jupiter.engine.descriptor.JupiterTestDescriptor lambda$getTags$1
WARNING: Configuration error: invalid tag syntax in @Tag("left: Above 9") declaration on [void org.example.NumberUtilsTest.leftGreater()]. Tag will be ignored.
Feb 17, 2025 7:03:06 PM org.junit.jupiter.engine.descriptor.JupiterTestDescriptor lambda$getTags$1
WARNING: Configuration error: invalid tag syntax in @Tag("output: Length > Greater Left | Right Length") declaration on [void org.example.NumberUtilsTest.outputGreaterLength()]. Tag will be ignored.
Feb 17, 2025 7:03:06 PM org.junit.jupiter.engine.descriptor.JupiterTestDescriptor lambda$getTags$1
WARNING: Configuration error: invalid tag syntax in @Tag("left: empty, right: empty, output: [0]") declaration on [void org.example.NumberUtilsTest.emptyLeftRight()]. Tag will be ignored.
Feb 17, 2025 7:03:06 PM org.junit.jupiter.engine.descriptor.JupiterTestDescriptor lambda$getTags$1
WARNING: Configuration error: invalid tag syntax in @Tag("right: Negative Integer") declaration on [void org.example.NumberUtilsTest.rightNegative()]. Tag will be ignored.
Feb 17, 2025 7:03:06 PM org.junit.jupiter.engine.descriptor.JupiterTestDescriptor lambda$getTags$1
WARNING: Configuration error: invalid tag syntax in @Tag("output: Length = Greater Length of Left | Right") declaration on [void org.example.NumberUtilsTest.outputEqualLength()]. Tag will be ignored.
Feb 17, 2025 7:03:06 PM org.junit.jupiter.engine.descriptor.JupiterTestDescriptor lambda$getTags$1
WARNING: Configuration error: invalid tag syntax in @Tag("increase mutation coverage") declaration on [void org.example.NumberUtilsTest.outputMultipleDigits1()]. Tag will be ignored.
Feb 17, 2025 7:03:06 PM org.junit.jupiter.engine.descriptor.JupiterTestDescriptor lambda$getTags$1
WARNING: Configuration error: invalid tag syntax in @Tag("output: Single digit") declaration on [void org.example.NumberUtilsTest.outputSingleDigits()]. Tag will be ignored.
Feb 17, 2025 7:03:06 PM org.junit.jupiter.engine.descriptor.JupiterTestDescriptor lambda$getTags$1
WARNING: Configuration error: invalid tag syntax in @Tag("output: Length = Lesser Length of Left | Right") declaration on [void org.example.NumberUtilsTest.outputLesserLength()]. Tag will be ignored.
Feb 17, 2025 7:03:06 PM org.junit.jupiter.engine.descriptor.JupiterTestDescriptor lambda$getTags$1
WARNING: Configuration error: invalid tag syntax in @Tag("left: Empty") declaration on [void org.example.NumberUtilsTest.leftEmpty()]. Tag will be ignored.
Feb 17, 2025 7:03:06 PM org.junit.jupiter.engine.descriptor.JupiterTestDescriptor lambda$getTags$1
WARNING: Configuration error: invalid tag syntax in @Tag("left: Null") declaration on [void org.example.NumberUtilsTest.leftNull()]. Tag will be ignored.
Feb 17, 2025 7:03:06 PM org.junit.jupiter.engine.descriptor.JupiterTestDescriptor lambda$getTags$1
WARNING: Configuration error: invalid tag syntax in @Tag("output: Multiple digits") declaration on [void org.example.NumberUtilsTest.outputMultipleDigits()]. Tag will be ignored.
Feb 17, 2025 7:03:06 PM org.junit.jupiter.engine.descriptor.JupiterTestDescriptor lambda$getTags$1
WARNING: Configuration error: invalid tag syntax in @Tag("right: Above 9") declaration on [void org.example.NumberUtilsTest.rightGreater()]. Tag will be ignored.
Feb 17, 2025 7:03:06 PM org.junit.jupiter.engine.descriptor.JupiterTestDescriptor lambda$getTags$1
WARNING: Configuration error: invalid tag syntax in @Tag("right: Null") declaration on [void org.example.NumberUtilsTest.rightNull()]. Tag will be ignored.
Feb 17, 2025 7:03:06 PM org.junit.jupiter.engine.descriptor.JupiterTestDescriptor lambda$getTags$1
WARNING: Configuration error: invalid tag syntax in @Tag("right: Empty") declaration on [void org.example.NumberUtilsTest.rightEmpty()]. Tag will be ignored.
Feb 17, 2025 7:03:06 PM org.junit.jupiter.engine.descriptor.JupiterTestDescriptor lambda$getTags$1
WARNING: Configuration error: invalid tag syntax in @Tag("left: Negative Integer") declaration on [void org.example.NumberUtilsTest.leftNegative()]. Tag will be ignored.
Feb 17, 2025 7:03:06 PM org.junit.jupiter.engine.descriptor.JupiterTestDescriptor lambda$getTags$1
WARNING: Configuration error: invalid tag syntax in @Tag("left: Above 9") declaration on [void org.example.NumberUtilsTest.leftGreater()]. Tag will be ignored.
Feb 17, 2025 7:03:06 PM org.junit.jupiter.engine.descriptor.JupiterTestDescriptor lambda$getTags$1
WARNING: Configuration error: invalid tag syntax in @Tag("output: Length > Greater Left | Right Length") declaration on [void org.example.NumberUtilsTest.outputGreaterLength()]. Tag will be ignored.
Feb 17, 2025 7:03:06 PM org.junit.jupiter.engine.descriptor.JupiterTestDescriptor lambda$getTags$1
WARNING: Configuration error: invalid tag syntax in @Tag("left: empty, right: empty, output: [0]") declaration on [void org.example.NumberUtilsTest.emptyLeftRight()]. Tag will be ignored.
Feb 17, 2025 7:03:06 PM org.junit.jupiter.engine.descriptor.JupiterTestDescriptor lambda$getTags$1
WARNING: Configuration error: invalid tag syntax in @Tag("right: Negative Integer") declaration on [void org.example.NumberUtilsTest.rightNegative()]. Tag will be ignored.
Feb 17, 2025 7:03:06 PM org.junit.jupiter.engine.descriptor.JupiterTestDescriptor lambda$getTags$1
WARNING: Configuration error: invalid tag syntax in @Tag("output: Length = Greater Length of Left | Right") declaration on [void org.example.NumberUtilsTest.outputEqualLength()]. Tag will be ignored.
Feb 17, 2025 7:03:06 PM org.junit.jupiter.engine.descriptor.JupiterTestDescriptor lambda$getTags$1
WARNING: Configuration error: invalid tag syntax in @Tag("increase mutation coverage") declaration on [void org.example.NumberUtilsTest.outputMultipleDigits1()]. Tag will be ignored.
Feb 17, 2025 7:03:06 PM org.junit.jupiter.engine.descriptor.JupiterTestDescriptor lambda$getTags$1
WARNING: Configuration error: invalid tag syntax in @Tag("output: Single digit") declaration on [void org.example.NumberUtilsTest.outputSingleDigits()]. Tag will be ignored.
Feb 17, 2025 7:03:06 PM org.junit.jupiter.engine.descriptor.JupiterTestDescriptor lambda$getTags$1
WARNING: Configuration error: invalid tag syntax in @Tag("output: Length = Lesser Length of Left | Right") declaration on [void org.example.NumberUtilsTest.outputLesserLength()]. Tag will be ignored.
Feb 17, 2025 7:03:06 PM org.junit.jupiter.engine.descriptor.JupiterTestDescriptor lambda$getTags$1
WARNING: Configuration error: invalid tag syntax in @Tag("left: Empty") declaration on [void org.example.NumberUtilsTest.leftEmpty()]. Tag will be ignored.
Feb 17, 2025 7:03:06 PM org.junit.jupiter.engine.descriptor.JupiterTestDescriptor lambda$getTags$1
WARNING: Configuration error: invalid tag syntax in @Tag("left: Null") declaration on [void org.example.NumberUtilsTest.leftNull()]. Tag will be ignored.
Feb 17, 2025 7:03:06 PM org.junit.jupiter.engine.descriptor.JupiterTestDescriptor lambda$getTags$1
WARNING: Configuration error: invalid tag syntax in @Tag("output: Multiple digits") declaration on [void org.example.NumberUtilsTest.outputMultipleDigits()]. Tag will be ignored.
]]></system-err>
  </testcase>
  <testcase name="rightNull" classname="org.example.NumberUtilsTest" time="0.0"/>
  <testcase name="rightEmpty" classname="org.example.NumberUtilsTest" time="0.0"/>
  <testcase name="leftNegative" classname="org.example.NumberUtilsTest" time="0.0"/>
  <testcase name="mutant" classname="org.example.NumberUtilsTest" time="0.001"/>
  <testcase name="leftGreater" classname="org.example.NumberUtilsTest" time="0.001"/>
  <testcase name="outputGreaterLength" classname="org.example.NumberUtilsTest" time="0.0"/>
  <testcase name="emptyLeftRight" classname="org.example.NumberUtilsTest" time="0.001"/>
  <testcase name="badBoth" classname="org.example.NumberUtilsTest" time="0.0"/>
  <testcase name="badLeft" classname="org.example.NumberUtilsTest" time="0.001"/>
  <testcase name="rightNegative" classname="org.example.NumberUtilsTest" time="0.001"/>
  <testcase name="outputEqualLength" classname="org.example.NumberUtilsTest" time="0.0"/>
  <testcase name="outputMultipleDigits1" classname="org.example.NumberUtilsTest" time="0.001"/>
  <testcase name="outputSingleDigits" classname="org.example.NumberUtilsTest" time="0.0"/>
  <testcase name="outputLesserLength" classname="org.example.NumberUtilsTest" time="0.0"/>
  <testcase name="leftEmpty" classname="org.example.NumberUtilsTest" time="0.0"/>
  <testcase name="leftNull" classname="org.example.NumberUtilsTest" time="0.0"/>
  <testcase name="outputMultipleDigits" classname="org.example.NumberUtilsTest" time="0.0"/>
  <testcase name="badRight" classname="org.example.NumberUtilsTest" time="0.001"/>
</testsuite>